Using pre-set license
Built from '2020.3/staging' branch; Version is '2020.3.8f1 (507919d4fff5) revision 5273881'; Using compiler version '192528614'; Build Type 'Release'
OS: 'Windows 10 Home; OS build 19043.1052; Version 2009; 64bit' Language: 'en' Physical Memory: 16315 MB
BatchMode: 1, IsHumanControllingUs: 0, StartBugReporterOnCrash: 0, Is64bit: 1, IsPro: 0

 COMMAND LINE ARGUMENTS:
C:\Program Files\Unity\Hub\Editor\2020.3.8f1\Editor\Unity.exe
-adb2
-batchMode
-noUpm
-name
AssetImportWorker0
-projectPath
D:/Github Repos/FinalProjectThing
-logFile
Logs/AssetImportWorker0.log
-srvPort
1067
Successfully changed project path to: D:/Github Repos/FinalProjectThing
D:/Github Repos/FinalProjectThing
Using Asset Import Pipeline V2.
Refreshing native plugins compatible for Editor in 22.69 ms, found 0 plugins.
Preloading 0 native plugins for Editor in 0.00 ms.
Initialize engine version: 2020.3.8f1 (507919d4fff5)
[Subsystems] Discovering subsystems at path C:/Program Files/Unity/Hub/Editor/2020.3.8f1/Editor/Data/Resources/UnitySubsystems
[Subsystems] Discovering subsystems at path D:/Github Repos/FinalProjectThing/Assets
GfxDevice: creating device client; threaded=0
Direct3D:
    Version:  Direct3D 11.0 [level 11.1]
    Renderer: NVIDIA GeForce RTX 2070 SUPER (ID=0x1e84)
    Vendor:   
    VRAM:     8011 MB
    Driver:   27.21.14.6677
Initialize mono
Mono path[0] = 'C:/Program Files/Unity/Hub/Editor/2020.3.8f1/Editor/Data/Managed'
Mono path[1] = 'C:/Program Files/Unity/Hub/Editor/2020.3.8f1/Editor/Data/MonoBleedingEdge/lib/mono/unityjit'
Mono config path = 'C:/Program Files/Unity/Hub/Editor/2020.3.8f1/Editor/Data/MonoBleedingEdge/etc'
Using monoOptions --debugger-agent=transport=dt_socket,embedding=1,server=y,suspend=n,address=127.0.0.1:56324
Begin MonoManager ReloadAssembly
Registering precompiled unity dll's ...
Register platform support module: C:/Program Files/Unity/Hub/Editor/2020.3.8f1/Editor/Data/PlaybackEngines/WebGLSupport/UnityEditor.WebGL.Extensions.dll
Register platform support module: C:/Program Files/Unity/Hub/Editor/2020.3.8f1/Editor/Data/PlaybackEngines/WindowsStandaloneSupport/UnityEditor.WindowsStandalone.Extensions.dll
Registered in 0.001716 seconds.
Native extension for WindowsStandalone target not found
Native extension for WebGL target not found
Refreshing native plugins compatible for Editor in 22.74 ms, found 0 plugins.
Preloading 0 native plugins for Editor in 0.00 ms.
Mono: successfully reloaded assembly
- Completed reload, in  1.499 seconds
Platform modules already initialized, skipping
Registering precompiled user dll's ...
Registered in 0.000787 seconds.
Begin MonoManager ReloadAssembly
Native extension for WindowsStandalone target not found
Native extension for WebGL target not found
Refreshing native plugins compatible for Editor in 0.22 ms, found 0 plugins.
Preloading 0 native plugins for Editor in 0.00 ms.
Mono: successfully reloaded assembly
- Completed reload, in  1.161 seconds
Platform modules already initialized, skipping
========================================================================
Worker process is ready to serve import requests
Launched and connected shader compiler UnityShaderCompiler.exe after 0.04 seconds
Refreshing native plugins compatible for Editor in 0.27 ms, found 0 plugins.
Preloading 0 native plugins for Editor in 0.00 ms.
Unloading 1503 Unused Serialized files (Serialized files now loaded: 0)
System memory in use before: 81.6 MB.
System memory in use after: 81.7 MB.

Unloading 10 unused Assets to reduce memory usage. Loaded Objects now: 1959.
Total: 1.586200 ms (FindLiveObjects: 0.127800 ms CreateObjectMapping: 0.041500 ms MarkObjects: 1.361900 ms  DeleteObjects: 0.053900 ms)

========================================================================
Received Import Request.
  path: Assets/Scenes/Tutorial Level.unity
  artifactKey: Guid(6ad0682f58cf84b42a0df417e44284d5) Importer(815301076,1909f56bfc062723c751e8b465ee728b)
Start importing Assets/Scenes/Tutorial Level.unity using Guid(6ad0682f58cf84b42a0df417e44284d5) Importer(815301076,1909f56bfc062723c751e8b465ee728b)  -> (artifact id: '2edeb84109cbee4f205a17f2b1416f93') in 0.010616 seconds
  Import took 0.013274 seconds .

========================================================================
Received Import Request.
  Time since last request: 0.000203 seconds.
  path: Assets/Scenes/IntroScene.unity
  artifactKey: Guid(03174de25967c074bab72208f3fe9409) Importer(815301076,1909f56bfc062723c751e8b465ee728b)
Start importing Assets/Scenes/IntroScene.unity using Guid(03174de25967c074bab72208f3fe9409) Importer(815301076,1909f56bfc062723c751e8b465ee728b)  -> (artifact id: '50f3965b1b88ae52292c64708d742eeb') in 0.002266 seconds
  Import took 0.004382 seconds .

========================================================================
Received Import Request.
  Time since last request: 0.000216 seconds.
  path: Assets/Scenes/TestScene.unity
  artifactKey: Guid(9fc0d4010bbf28b4594072e72b8655ab) Importer(815301076,1909f56bfc062723c751e8b465ee728b)
Start importing Assets/Scenes/TestScene.unity using Guid(9fc0d4010bbf28b4594072e72b8655ab) Importer(815301076,1909f56bfc062723c751e8b465ee728b)  -> (artifact id: 'c73c4b7a3db8bc93a4921e6846ea2667') in 0.007753 seconds
  Import took 0.011903 seconds .

========================================================================
Received Prepare
Registering precompiled user dll's ...
Registered in 0.000900 seconds.
Begin MonoManager ReloadAssembly
Native extension for WindowsStandalone target not found
Native extension for WebGL target not found
Refreshing native plugins compatible for Editor in 0.25 ms, found 0 plugins.
Preloading 0 native plugins for Editor in 0.00 ms.
Mono: successfully reloaded assembly
- Completed reload, in  0.794 seconds
Platform modules already initialized, skipping
Refreshing native plugins compatible for Editor in 0.21 ms, found 0 plugins.
Preloading 0 native plugins for Editor in 0.00 ms.
Unloading 1496 Unused Serialized files (Serialized files now loaded: 0)
System memory in use before: 81.4 MB.
System memory in use after: 81.5 MB.

Unloading 6 unused Assets to reduce memory usage. Loaded Objects now: 1962.
Total: 1.723700 ms (FindLiveObjects: 0.127500 ms CreateObjectMapping: 0.046700 ms MarkObjects: 1.487000 ms  DeleteObjects: 0.045700 ms)

========================================================================
Received Import Request.
  Time since last request: 92.231234 seconds.
  path: Assets/Scenes/IntroScene.unity
  artifactKey: Guid(03174de25967c074bab72208f3fe9409) Importer(815301076,1909f56bfc062723c751e8b465ee728b)
Start importing Assets/Scenes/IntroScene.unity using Guid(03174de25967c074bab72208f3fe9409) Importer(815301076,1909f56bfc062723c751e8b465ee728b)  -> (artifact id: '277d22a0aa3022ea18526734bbff234c') in 0.009842 seconds
  Import took 0.012559 seconds .

========================================================================
Received Import Request.
  Time since last request: 584.147093 seconds.
  path: Assets/Model and Prefabs
  artifactKey: Guid(e2d5aa15794ce96438ae86fbf88edfc2) Importer(815301076,1909f56bfc062723c751e8b465ee728b)
Start importing Assets/Model and Prefabs using Guid(e2d5aa15794ce96438ae86fbf88edfc2) Importer(815301076,1909f56bfc062723c751e8b465ee728b)  -> (artifact id: '5ef695f1a2c02fb02c33f3a17263a5f6') in 0.007146 seconds
  Import took 0.009612 seconds .

========================================================================
Received Import Request.
  Time since last request: 1.996471 seconds.
  path: Assets/Materials
  artifactKey: Guid(21fb9b279d3cd154192d2d3569c02ed3) Importer(815301076,1909f56bfc062723c751e8b465ee728b)
Start importing Assets/Materials using Guid(21fb9b279d3cd154192d2d3569c02ed3) Importer(815301076,1909f56bfc062723c751e8b465ee728b)  -> (artifact id: 'a98f7eece0af9469429e5d055d28bf0a') in 0.040955 seconds
  Import took 0.042889 seconds .

========================================================================
Received Import Request.
  Time since last request: 8.563555 seconds.
  path: Assets/Animations
  artifactKey: Guid(7942828c7e872cc4aa3f7f8630009316) Importer(815301076,1909f56bfc062723c751e8b465ee728b)
Start importing Assets/Animations using Guid(7942828c7e872cc4aa3f7f8630009316) Importer(815301076,1909f56bfc062723c751e8b465ee728b)  -> (artifact id: 'ab794ef8a59523ce0b4356af6521b686') in 0.006096 seconds
  Import took 0.008072 seconds .

========================================================================
Received Import Request.
  Time since last request: 10.671948 seconds.
  path: Assets/Animations/Panel.controller
  artifactKey: Guid(8c0d7145d31d1834294f85b2898a1b57) Importer(815301076,1909f56bfc062723c751e8b465ee728b)
Start importing Assets/Animations/Panel.controller using Guid(8c0d7145d31d1834294f85b2898a1b57) Importer(815301076,1909f56bfc062723c751e8b465ee728b)  -> (artifact id: 'dd2adf4bbe02befc5e75e747d1e53b1d') in 0.027741 seconds
  Import took 0.029836 seconds .

========================================================================
Received Import Request.
  Time since last request: 12.319552 seconds.
  path: Assets/Animations/StartScreen.anim
  artifactKey: Guid(d40286ee452b0af46a4276853e4719d7) Importer(815301076,1909f56bfc062723c751e8b465ee728b)
Start importing Assets/Animations/StartScreen.anim using Guid(d40286ee452b0af46a4276853e4719d7) Importer(815301076,1909f56bfc062723c751e8b465ee728b)  -> (artifact id: '1a31b272a5cc9b27826a622bacca16ea') in 0.026630 seconds
  Import took 0.029148 seconds .

========================================================================
Received Import Request.
  Time since last request: 0.006633 seconds.
  path: Assets/Animations/StartScreen.anim
  artifactKey: Guid(d40286ee452b0af46a4276853e4719d7) Importer(815301076,1909f56bfc062723c751e8b465ee728b)
Start importing Assets/Animations/StartScreen.anim using Guid(d40286ee452b0af46a4276853e4719d7) Importer(815301076,1909f56bfc062723c751e8b465ee728b)  -> (artifact id: '1a31b272a5cc9b27826a622bacca16ea') in 0.004366 seconds
  Import took 0.010177 seconds .

========================================================================
Received Import Request.
  Time since last request: 38.361167 seconds.
  path: Assets/Animations/Click to Start.controller
  artifactKey: Guid(4a92843c6607b37448af050cc1a278c0) Importer(815301076,1909f56bfc062723c751e8b465ee728b)
Start importing Assets/Animations/Click to Start.controller using Guid(4a92843c6607b37448af050cc1a278c0) Importer(815301076,1909f56bfc062723c751e8b465ee728b)  -> (artifact id: '8ed25eff874bfea8a7d2a8b230420297') in 0.007161 seconds
  Import took 0.010059 seconds .

========================================================================
Received Import Request.
  Time since last request: 223.075596 seconds.
  path: Assets/Animations/ClickToStart.anim
  artifactKey: Guid(da7ffecc7daf7074393448ea23f83bdf) Importer(815301076,1909f56bfc062723c751e8b465ee728b)
Start importing Assets/Animations/ClickToStart.anim using Guid(da7ffecc7daf7074393448ea23f83bdf) Importer(815301076,1909f56bfc062723c751e8b465ee728b)  -> (artifact id: '8b3fbc6e619a8397ae5b2cf21dd52725') in 0.007958 seconds
  Import took 0.010524 seconds .

========================================================================
Received Import Request.
  Time since last request: 0.001095 seconds.
  path: Assets/Animations/ClickToStart.anim
  artifactKey: Guid(da7ffecc7daf7074393448ea23f83bdf) Importer(815301076,1909f56bfc062723c751e8b465ee728b)
Start importing Assets/Animations/ClickToStart.anim using Guid(da7ffecc7daf7074393448ea23f83bdf) Importer(815301076,1909f56bfc062723c751e8b465ee728b)  -> (artifact id: '8b3fbc6e619a8397ae5b2cf21dd52725') in 0.003155 seconds
  Import took 0.005212 seconds .

========================================================================
Received Prepare
Registering precompiled user dll's ...
Registered in 0.000834 seconds.
Begin MonoManager ReloadAssembly
Native extension for WindowsStandalone target not found
Native extension for WebGL target not found
Refreshing native plugins compatible for Editor in 0.27 ms, found 0 plugins.
Preloading 0 native plugins for Editor in 0.00 ms.
Mono: successfully reloaded assembly
- Completed reload, in  0.870 seconds
Platform modules already initialized, skipping
Refreshing native plugins compatible for Editor in 0.23 ms, found 0 plugins.
Preloading 0 native plugins for Editor in 0.00 ms.
Unloading 1496 Unused Serialized files (Serialized files now loaded: 0)
System memory in use before: 81.5 MB.
System memory in use after: 81.6 MB.

Unloading 6 unused Assets to reduce memory usage. Loaded Objects now: 1965.
Total: 1.817200 ms (FindLiveObjects: 0.179300 ms CreateObjectMapping: 0.044500 ms MarkObjects: 1.548500 ms  DeleteObjects: 0.043900 ms)

========================================================================
Received Import Request.
  Time since last request: 29.952340 seconds.
  path: Assets/Animations/LevelComplete.anim
  artifactKey: Guid(336ce8103e689134ba68ccd8d69c0364) Importer(815301076,1909f56bfc062723c751e8b465ee728b)
Start importing Assets/Animations/LevelComplete.anim using Guid(336ce8103e689134ba68ccd8d69c0364) Importer(815301076,1909f56bfc062723c751e8b465ee728b)  -> (artifact id: '00e53151bd4eaeb48a367fa837fc637c') in 0.033270 seconds
  Import took 0.035377 seconds .

========================================================================
Received Import Request.
  Time since last request: 1.594652 seconds.
  path: Assets/Animations/LevelComplete.controller
  artifactKey: Guid(516cf2917de23874f820c60e8a4c36ce) Importer(815301076,1909f56bfc062723c751e8b465ee728b)
Start importing Assets/Animations/LevelComplete.controller using Guid(516cf2917de23874f820c60e8a4c36ce) Importer(815301076,1909f56bfc062723c751e8b465ee728b)  -> (artifact id: '125e85f0eed4cf1cbbf34976ed3204ac') in 0.006714 seconds
  Import took 0.009275 seconds .

========================================================================
Received Import Request.
  Time since last request: 0.545806 seconds.
  path: Assets/Animations/characterthing.controller
  artifactKey: Guid(ed6fd9a3bf430784e9880e0e89c0ef4b) Importer(815301076,1909f56bfc062723c751e8b465ee728b)
Start importing Assets/Animations/characterthing.controller using Guid(ed6fd9a3bf430784e9880e0e89c0ef4b) Importer(815301076,1909f56bfc062723c751e8b465ee728b)  -> (artifact id: '4bf5123828530df71f032ede48f60a2e') in 0.007583 seconds
  Import took 0.010015 seconds .

========================================================================
Received Import Request.
  Time since last request: 316.364802 seconds.
  path: Assets/Scenes/Tutorial Level.unity
  artifactKey: Guid(6ad0682f58cf84b42a0df417e44284d5) Importer(815301076,1909f56bfc062723c751e8b465ee728b)
Start importing Assets/Scenes/Tutorial Level.unity using Guid(6ad0682f58cf84b42a0df417e44284d5) Importer(815301076,1909f56bfc062723c751e8b465ee728b)  -> (artifact id: '817d43c266696100b727e1a38e03425d') in 0.004795 seconds
  Import took 0.007258 seconds .

========================================================================
Received Import Request.
  Time since last request: 1.119294 seconds.
  path: Assets/Scenes/TestScene.unity
  artifactKey: Guid(9fc0d4010bbf28b4594072e72b8655ab) Importer(815301076,1909f56bfc062723c751e8b465ee728b)
Start importing Assets/Scenes/TestScene.unity using Guid(9fc0d4010bbf28b4594072e72b8655ab) Importer(815301076,1909f56bfc062723c751e8b465ee728b)  -> (artifact id: '0eaf640a1334e7932bcd6a169674ba84') in 0.002260 seconds
  Import took 0.005215 seconds .

========================================================================
Received Prepare
Registering precompiled user dll's ...
Registered in 0.000824 seconds.
Begin MonoManager ReloadAssembly
Native extension for WindowsStandalone target not found
Native extension for WebGL target not found
Refreshing native plugins compatible for Editor in 0.23 ms, found 0 plugins.
Preloading 0 native plugins for Editor in 0.00 ms.
Mono: successfully reloaded assembly
- Completed reload, in  0.851 seconds
Platform modules already initialized, skipping
Refreshing native plugins compatible for Editor in 0.22 ms, found 0 plugins.
Preloading 0 native plugins for Editor in 0.00 ms.
Unloading 1496 Unused Serialized files (Serialized files now loaded: 0)
System memory in use before: 81.6 MB.
System memory in use after: 81.6 MB.

Unloading 6 unused Assets to reduce memory usage. Loaded Objects now: 1968.
Total: 1.656200 ms (FindLiveObjects: 0.135700 ms CreateObjectMapping: 0.039100 ms MarkObjects: 1.426700 ms  DeleteObjects: 0.053600 ms)

========================================================================
Received Import Request.
  Time since last request: 30.698030 seconds.
  path: Assets/Scenes/TestScene.unity
  artifactKey: Guid(9fc0d4010bbf28b4594072e72b8655ab) Importer(815301076,1909f56bfc062723c751e8b465ee728b)
Start importing Assets/Scenes/TestScene.unity using Guid(9fc0d4010bbf28b4594072e72b8655ab) Importer(815301076,1909f56bfc062723c751e8b465ee728b)  -> (artifact id: '30c2bf4242a555c2798607ae1b00c832') in 0.011413 seconds
  Import took 0.015427 seconds .

========================================================================
Received Prepare
Registering precompiled user dll's ...
Registered in 0.001028 seconds.
Begin MonoManager ReloadAssembly
Native extension for WindowsStandalone target not found
Native extension for WebGL target not found
Refreshing native plugins compatible for Editor in 0.22 ms, found 0 plugins.
Preloading 0 native plugins for Editor in 0.00 ms.
Mono: successfully reloaded assembly
- Completed reload, in  0.850 seconds
Platform modules already initialized, skipping
Refreshing native plugins compatible for Editor in 0.21 ms, found 0 plugins.
Preloading 0 native plugins for Editor in 0.00 ms.
Unloading 1496 Unused Serialized files (Serialized files now loaded: 0)
System memory in use before: 81.6 MB.
System memory in use after: 81.7 MB.

Unloading 6 unused Assets to reduce memory usage. Loaded Objects now: 1971.
Total: 1.655500 ms (FindLiveObjects: 0.137400 ms CreateObjectMapping: 0.039800 ms MarkObjects: 1.434000 ms  DeleteObjects: 0.043300 ms)

========================================================================
Received Prepare
Registering precompiled user dll's ...
Registered in 0.000839 seconds.
Begin MonoManager ReloadAssembly
Native extension for WindowsStandalone target not found
Native extension for WebGL target not found
Refreshing native plugins compatible for Editor in 0.23 ms, found 0 plugins.
Preloading 0 native plugins for Editor in 0.00 ms.
Mono: successfully reloaded assembly
- Completed reload, in  0.802 seconds
Platform modules already initialized, skipping
Refreshing native plugins compatible for Editor in 0.25 ms, found 0 plugins.
Preloading 0 native plugins for Editor in 0.00 ms.
Unloading 1496 Unused Serialized files (Serialized files now loaded: 0)
System memory in use before: 81.6 MB.
System memory in use after: 81.7 MB.

Unloading 6 unused Assets to reduce memory usage. Loaded Objects now: 1974.
Total: 3.931000 ms (FindLiveObjects: 0.230500 ms CreateObjectMapping: 0.052000 ms MarkObjects: 3.578000 ms  DeleteObjects: 0.068900 ms)

========================================================================
Received Prepare
Registering precompiled user dll's ...
Registered in 0.000964 seconds.
Begin MonoManager ReloadAssembly
Native extension for WindowsStandalone target not found
Native extension for WebGL target not found
Refreshing native plugins compatible for Editor in 0.28 ms, found 0 plugins.
Preloading 0 native plugins for Editor in 0.00 ms.
Mono: successfully reloaded assembly
- Completed reload, in  0.907 seconds
Platform modules already initialized, skipping
Refreshing native plugins compatible for Editor in 0.23 ms, found 0 plugins.
Preloading 0 native plugins for Editor in 0.00 ms.
Unloading 1496 Unused Serialized files (Serialized files now loaded: 0)
System memory in use before: 81.6 MB.
System memory in use after: 81.7 MB.

Unloading 6 unused Assets to reduce memory usage. Loaded Objects now: 1977.
Total: 1.877000 ms (FindLiveObjects: 0.189600 ms CreateObjectMapping: 0.058000 ms MarkObjects: 1.558400 ms  DeleteObjects: 0.069700 ms)

========================================================================
Received Import Request.
  Time since last request: 264.573405 seconds.
  path: Assets/Scripts/MouseLook.cs
  artifactKey: Guid(255d37fe00aabdd4e9e100e64403f7fc) Importer(815301076,1909f56bfc062723c751e8b465ee728b)
Start importing Assets/Scripts/MouseLook.cs using Guid(255d37fe00aabdd4e9e100e64403f7fc) Importer(815301076,1909f56bfc062723c751e8b465ee728b)  -> (artifact id: '35cb9810e59abc042d7e508afe7b46a2') in 0.020526 seconds
  Import took 0.022859 seconds .

AssetImportWorkerClient::OnTransportError - code=2 error=End of file
