Using pre-set license
Built from '2020.3/staging' branch; Version is '2020.3.8f1 (507919d4fff5) revision 5273881'; Using compiler version '192528614'; Build Type 'Release'
OS: 'Windows 10 Home; OS build 19043.1052; Version 2009; 64bit' Language: 'en' Physical Memory: 16315 MB
BatchMode: 1, IsHumanControllingUs: 0, StartBugReporterOnCrash: 0, Is64bit: 1, IsPro: 0

 COMMAND LINE ARGUMENTS:
C:\Program Files\Unity\Hub\Editor\2020.3.8f1\Editor\Unity.exe
-adb2
-batchMode
-noUpm
-name
AssetImportWorker0
-projectPath
D:/Github Repos/FinalProjectThing
-logFile
Logs/AssetImportWorker0.log
-srvPort
54966
Successfully changed project path to: D:/Github Repos/FinalProjectThing
D:/Github Repos/FinalProjectThing
Using Asset Import Pipeline V2.
Refreshing native plugins compatible for Editor in 21.62 ms, found 0 plugins.
Preloading 0 native plugins for Editor in 0.00 ms.
Initialize engine version: 2020.3.8f1 (507919d4fff5)
[Subsystems] Discovering subsystems at path C:/Program Files/Unity/Hub/Editor/2020.3.8f1/Editor/Data/Resources/UnitySubsystems
[Subsystems] Discovering subsystems at path D:/Github Repos/FinalProjectThing/Assets
GfxDevice: creating device client; threaded=0
Direct3D:
    Version:  Direct3D 11.0 [level 11.1]
    Renderer: NVIDIA GeForce RTX 2070 SUPER (ID=0x1e84)
    Vendor:   
    VRAM:     8011 MB
    Driver:   27.21.14.6677
Initialize mono
Mono path[0] = 'C:/Program Files/Unity/Hub/Editor/2020.3.8f1/Editor/Data/Managed'
Mono path[1] = 'C:/Program Files/Unity/Hub/Editor/2020.3.8f1/Editor/Data/MonoBleedingEdge/lib/mono/unityjit'
Mono config path = 'C:/Program Files/Unity/Hub/Editor/2020.3.8f1/Editor/Data/MonoBleedingEdge/etc'
Using monoOptions --debugger-agent=transport=dt_socket,embedding=1,server=y,suspend=n,address=127.0.0.1:56484
Begin MonoManager ReloadAssembly
Registering precompiled unity dll's ...
Register platform support module: C:/Program Files/Unity/Hub/Editor/2020.3.8f1/Editor/Data/PlaybackEngines/WebGLSupport/UnityEditor.WebGL.Extensions.dll
Register platform support module: C:/Program Files/Unity/Hub/Editor/2020.3.8f1/Editor/Data/PlaybackEngines/WindowsStandaloneSupport/UnityEditor.WindowsStandalone.Extensions.dll
Registered in 0.001759 seconds.
Native extension for WindowsStandalone target not found
Native extension for WebGL target not found
Refreshing native plugins compatible for Editor in 21.84 ms, found 0 plugins.
Preloading 0 native plugins for Editor in 0.00 ms.
Mono: successfully reloaded assembly
- Completed reload, in  1.426 seconds
Platform modules already initialized, skipping
Registering precompiled user dll's ...
Registered in 0.000796 seconds.
Begin MonoManager ReloadAssembly
Native extension for WindowsStandalone target not found
Native extension for WebGL target not found
Refreshing native plugins compatible for Editor in 0.22 ms, found 0 plugins.
Preloading 0 native plugins for Editor in 0.00 ms.
Mono: successfully reloaded assembly
- Completed reload, in  1.104 seconds
Platform modules already initialized, skipping
========================================================================
Worker process is ready to serve import requests
Launched and connected shader compiler UnityShaderCompiler.exe after 0.04 seconds
Refreshing native plugins compatible for Editor in 0.22 ms, found 0 plugins.
Preloading 0 native plugins for Editor in 0.00 ms.
Unloading 1505 Unused Serialized files (Serialized files now loaded: 0)
System memory in use before: 81.9 MB.
System memory in use after: 82.0 MB.

Unloading 10 unused Assets to reduce memory usage. Loaded Objects now: 1961.
Total: 1.693500 ms (FindLiveObjects: 0.120600 ms CreateObjectMapping: 0.036400 ms MarkObjects: 1.482300 ms  DeleteObjects: 0.053500 ms)

========================================================================
Received Import Request.
  path: Assets/Scenes
  artifactKey: Guid(08585d18c98870f43840b8bab6a010dd) Importer(815301076,1909f56bfc062723c751e8b465ee728b)
Start importing Assets/Scenes using Guid(08585d18c98870f43840b8bab6a010dd) Importer(815301076,1909f56bfc062723c751e8b465ee728b)  -> (artifact id: 'be1ace3e6b7a0e42829302c39230b7f7') in 0.008029 seconds
  Import took 0.009768 seconds .

========================================================================
Received Import Request.
  Time since last request: 9.143016 seconds.
  path: Assets/Scenes/Level 3.unity
  artifactKey: Guid(04fe5c9a5dbd2db4eae8f75b034777e1) Importer(815301076,1909f56bfc062723c751e8b465ee728b)
Start importing Assets/Scenes/Level 3.unity using Guid(04fe5c9a5dbd2db4eae8f75b034777e1) Importer(815301076,1909f56bfc062723c751e8b465ee728b)  -> (artifact id: '66d6150a60d312ad57a2fee29e590f3a') in 0.014271 seconds
  Import took 0.016153 seconds .

========================================================================
Received Import Request.
  Time since last request: 3.223136 seconds.
  path: Assets/Scenes/Level 4.unity
  artifactKey: Guid(b63d3f530c0475641b6be2c5c15959e8) Importer(815301076,1909f56bfc062723c751e8b465ee728b)
Start importing Assets/Scenes/Level 4.unity using Guid(b63d3f530c0475641b6be2c5c15959e8) Importer(815301076,1909f56bfc062723c751e8b465ee728b)  -> (artifact id: '78b6c663277e7f7234514ee42a9bbf2c') in 0.006045 seconds
  Import took 0.008370 seconds .

========================================================================
Received Import Request.
  Time since last request: 4.561060 seconds.
  path: Assets/Scenes/AltLevel 1.unity
  artifactKey: Guid(b63d3f530c0475641b6be2c5c15959e8) Importer(815301076,1909f56bfc062723c751e8b465ee728b)
Start importing Assets/Scenes/AltLevel 1.unity using Guid(b63d3f530c0475641b6be2c5c15959e8) Importer(815301076,1909f56bfc062723c751e8b465ee728b)  -> (artifact id: '764648a6e286cb074549da1f7121f5ca') in 0.005736 seconds
  Import took 0.007843 seconds .

========================================================================
Received Prepare
Registering precompiled user dll's ...
Registered in 0.000776 seconds.
Begin MonoManager ReloadAssembly
Native extension for WindowsStandalone target not found
Native extension for WebGL target not found
Refreshing native plugins compatible for Editor in 0.22 ms, found 0 plugins.
Preloading 0 native plugins for Editor in 0.00 ms.
Mono: successfully reloaded assembly
- Completed reload, in  0.716 seconds
Platform modules already initialized, skipping
Refreshing native plugins compatible for Editor in 0.30 ms, found 0 plugins.
Preloading 0 native plugins for Editor in 0.00 ms.
Unloading 1498 Unused Serialized files (Serialized files now loaded: 0)
System memory in use before: 81.7 MB.
System memory in use after: 81.8 MB.

Unloading 6 unused Assets to reduce memory usage. Loaded Objects now: 1964.
Total: 1.751200 ms (FindLiveObjects: 0.132500 ms CreateObjectMapping: 0.041000 ms MarkObjects: 1.516700 ms  DeleteObjects: 0.060100 ms)

